#
# There is insufficient memory for the Java Runtime Environment to continue.
# Native memory allocation (malloc) failed to allocate 1001696 bytes for Chunk::new
# Possible reasons:
#   The system is out of physical RAM or swap space
#   The process is running with CompressedOops enabled, and the Java Heap may be blocking the growth of the native heap
# Possible solutions:
#   Reduce memory load on the system
#   Increase physical memory or swap space
#   Check if swap backing store is full
#   Decrease Java heap size (-Xmx/-Xms)
#   Decrease number of Java threads
#   Decrease Java thread stack sizes (-Xss)
#   Set larger code cache with -XX:ReservedCodeCacheSize=
#   JVM is running with Unscaled Compressed Oops mode in which the Java heap is
#     placed in the first 4GB address space. The Java Heap base address is the
#     maximum limit for the native heap growth. Please use -XX:HeapBaseMinAddress
#     to set the Java Heap base and to place the Java Heap above 4GB virtual address.
# This output file may be truncated or incomplete.
#
#  Out of Memory Error (allocation.cpp:389), pid=7568, tid=0x0000000000003d84
#
# JRE version: OpenJDK Runtime Environment (8.0_212-b04) (build 1.8.0_212-release-1586-b04)
# Java VM: OpenJDK 64-Bit Server VM (25.212-b04 mixed mode windows-amd64 compressed oops)
# Failed to write core dump. Minidumps are not enabled by default on client versions of Windows
#

---------------  T H R E A D  ---------------

Current thread (0x0000000018b8b000):  JavaThread "C2 CompilerThread0" daemon [_thread_in_native, id=15748, stack(0x0000000019560000,0x0000000019660000)]

Stack: [0x0000000019560000,0x0000000019660000]
[error occurred during error reporting (printing stack bounds), id 0xc0000005]

Native frames: (J=compiled Java code, j=interpreted, Vv=VM code, C=native code)


Current CompileTask:
C2:   3625 1421       4       java.net.URLClassLoader$1::run (5 bytes)


---------------  P R O C E S S  ---------------

Java Threads: ( => current thread )
  0x000000001b871800 JavaThread "Cache worker for journal cache (C:\Users\murar\.gradle\caches\journal-1)" [_thread_blocked, id=14760, stack(0x000000001d880000,0x000000001d980000)]
  0x000000001b86a800 JavaThread "File lock request listener" [_thread_in_native, id=14968, stack(0x000000001d780000,0x000000001d880000)]
  0x000000001b837000 JavaThread "Cache worker for file hash cache (C:\Users\murar\.gradle\caches\5.6.4\fileHashes)" [_thread_blocked, id=920, stack(0x000000001d680000,0x000000001d780000)]
  0x000000001b703000 JavaThread "Thread-9" [_thread_blocked, id=8304, stack(0x000000001d580000,0x000000001d680000)]
  0x000000001b704000 JavaThread "Stdin handler" [_thread_blocked, id=15600, stack(0x000000001d480000,0x000000001d580000)]
  0x000000001b7b5000 JavaThread "Asynchronous log dispatcher for DefaultDaemonConnection: socket connection from /127.0.0.1:53070 to /127.0.0.1:53071" [_thread_blocked, id=15000, stack(0x000000001d280000,0x000000001d380000)]
  0x000000001b7b4000 JavaThread "Daemon worker" [_thread_in_native, id=1968, stack(0x000000001d180000,0x000000001d280000)]
  0x000000001b736000 JavaThread "Cancel handler" [_thread_blocked, id=11008, stack(0x000000001d080000,0x000000001d180000)]
  0x000000001b6f3800 JavaThread "Handler for socket connection from /127.0.0.1:53070 to /127.0.0.1:53071" [_thread_in_native, id=15444, stack(0x000000001cd80000,0x000000001ce80000)]
  0x000000001b6f2800 JavaThread "Daemon" [_thread_blocked, id=2076, stack(0x000000001cc80000,0x000000001cd80000)]
  0x000000001b6d5000 JavaThread "Daemon periodic checks" [_thread_blocked, id=11408, stack(0x000000001cb80000,0x000000001cc80000)]
  0x000000001b6d2800 JavaThread "Incoming local TCP Connector on port 53070" [_thread_in_native, id=10928, stack(0x000000001c940000,0x000000001ca40000)]
  0x000000001b5ee000 JavaThread "Daemon health stats" [_thread_blocked, id=16248, stack(0x000000001c300000,0x000000001c400000)]
  0x0000000018bf2000 JavaThread "Service Thread" daemon [_thread_blocked, id=10900, stack(0x0000000019960000,0x0000000019a60000)]
  0x0000000018b9e800 JavaThread "C1 CompilerThread3" daemon [_thread_blocked, id=3116, stack(0x0000000019860000,0x0000000019960000)]
  0x0000000016d9d000 JavaThread "C2 CompilerThread2" daemon [_thread_blocked, id=12332, stack(0x0000000019760000,0x0000000019860000)]
  0x0000000018b8e800 JavaThread "C2 CompilerThread1" daemon [_thread_blocked, id=16184, stack(0x0000000019660000,0x0000000019760000)]
=>0x0000000018b8b000 JavaThread "C2 CompilerThread0" daemon [_thread_in_native, id=15748, stack(0x0000000019560000,0x0000000019660000)]
  0x0000000018b8a000 JavaThread "Attach Listener" daemon [_thread_blocked, id=14024, stack(0x0000000019460000,0x0000000019560000)]
  0x0000000018b95800 JavaThread "Signal Dispatcher" daemon [_thread_blocked, id=11524, stack(0x0000000019360000,0x0000000019460000)]
  0x0000000018b81000 JavaThread "Finalizer" daemon [_thread_blocked, id=7988, stack(0x0000000019060000,0x0000000019160000)]
  0x0000000018b80800 JavaThread "Reference Handler" daemon [_thread_blocked, id=13196, stack(0x0000000018f60000,0x0000000019060000)]
  0x00000000016de000 JavaThread "main" [_thread_blocked, id=14608, stack(0x00000000015a0000,0x00000000016a0000)]

Other Threads:
  0x0000000016d86800 VMThread [stack: 0x0000000018a60000,0x0000000018b60000] [id=14536]
  0x0000000018bf2800 WatcherThread [stack: 0x0000000019a60000,0x0000000019b60000] [id=15448]

VM state:not at safepoint (normal execution)

VM Mutex/Monitor currently owned by a thread: None

heap address: 0x00000000a0000000, size: 1536 MB, Compressed Oops mode: 32-bit
Narrow klass base: 0x0000000000000000, Narrow klass shift: 3
Compressed class space size: 1073741824 Address: 0x0000000100000000

Heap:
 PSYoungGen      total 76288K, used 13886K [0x00000000e0000000, 0x00000000e5500000, 0x0000000100000000)
  eden space 65536K, 6% used [0x00000000e0000000,0x00000000e0437f30,0x00000000e4000000)
  from space 10752K, 88% used [0x00000000e4a80000,0x00000000e53d7a68,0x00000000e5500000)
  to   space 10752K, 0% used [0x00000000e4000000,0x00000000e4000000,0x00000000e4a80000)
 ParOldGen       total 175104K, used 24K [0x00000000a0000000, 0x00000000aab00000, 0x00000000e0000000)
  object space 175104K, 0% used [0x00000000a0000000,0x00000000a0006000,0x00000000aab00000)
 Metaspace       used 14552K, capacity 14978K, committed 15232K, reserved 1062912K
  class space    used 2033K, capacity 2159K, committed 2176K, reserved 1048576K

Card table byte_map: [0x0000000012370000,0x0000000012680000] byte_map_base: 0x0000000011e70000

Marking Bits: (ParMarkBitMap*) 0x0000000058f59f30
 Begin Bits: [0x0000000013080000, 0x0000000014880000)
 End Bits:   [0x0000000014880000, 0x0000000016080000)

Polling page: 0x00000000016a0000

CodeCache: size=245760Kb used=5078Kb max_used=5078Kb free=240681Kb
 bounds [0x0000000002fb0000, 0x00000000034b0000, 0x0000000011fb0000]
 total_blobs=1834 nmethods=1451 adapters=296
 compilation: enabled

Compilation events (10 events):
Event: 3.620 Thread 0x0000000018b9e800 1453       1       org.gradle.internal.service.AbstractServiceMethod::getParameterTypes (5 bytes)
Event: 3.620 Thread 0x0000000018b9e800 nmethod 1453 0x000000000349b510 code [0x000000000349b660, 0x000000000349b770]
Event: 3.620 Thread 0x0000000018b9e800 1449       3       org.gradle.internal.service.DefaultServiceMethodFactory::toServiceMethod (11 bytes)
Event: 3.620 Thread 0x0000000018b9e800 nmethod 1449 0x00000000034a6350 code [0x00000000034a64c0, 0x00000000034a66e8]
Event: 3.620 Thread 0x0000000018b9e800 1450   !   3       org.gradle.internal.service.MethodHandleBasedServiceMethodFactory::toServiceMethod (51 bytes)
Event: 3.621 Thread 0x0000000018b9e800 nmethod 1450 0x00000000034a44d0 code [0x00000000034a4760, 0x00000000034a5948]
Event: 3.621 Thread 0x0000000018b9e800 1451       3       java.lang.reflect.Method::getGenericParameterTypes (5 bytes)
Event: 3.622 Thread 0x0000000018b9e800 nmethod 1451 0x00000000034a7c10 code [0x00000000034a7e40, 0x00000000034a8ba8]
Event: 3.623 Thread 0x0000000018b9e800 1452       3       java.lang.reflect.Executable::getGenericParameterTypes (20 bytes)
Event: 3.623 Thread 0x0000000018b9e800 nmethod 1452 0x00000000034a3dd0 code [0x00000000034a3f60, 0x00000000034a43d8]

GC Heap History (4 events):
Event: 1.039 GC heap before
{Heap before GC invocations=1 (full 0):
 PSYoungGen      total 76288K, used 65536K [0x00000000e0000000, 0x00000000e5500000, 0x0000000100000000)
  eden space 65536K, 100% used [0x00000000e0000000,0x00000000e4000000,0x00000000e4000000)
  from space 10752K, 0% used [0x00000000e4a80000,0x00000000e4a80000,0x00000000e5500000)
  to   space 10752K, 0% used [0x00000000e4000000,0x00000000e4000000,0x00000000e4a80000)
 ParOldGen       total 175104K, used 0K [0x00000000a0000000, 0x00000000aab00000, 0x00000000e0000000)
  object space 175104K, 0% used [0x00000000a0000000,0x00000000a0000000,0x00000000aab00000)
 Metaspace       used 6950K, capacity 7208K, committed 7424K, reserved 1056768K
  class space    used 853K, capacity 916K, committed 1024K, reserved 1048576K
Event: 1.046 GC heap after
Heap after GC invocations=1 (full 0):
 PSYoungGen      total 76288K, used 5631K [0x00000000e0000000, 0x00000000e5500000, 0x0000000100000000)
  eden space 65536K, 0% used [0x00000000e0000000,0x00000000e0000000,0x00000000e4000000)
  from space 10752K, 52% used [0x00000000e4000000,0x00000000e457fdf8,0x00000000e4a80000)
  to   space 10752K, 0% used [0x00000000e4a80000,0x00000000e4a80000,0x00000000e5500000)
 ParOldGen       total 175104K, used 16K [0x00000000a0000000, 0x00000000aab00000, 0x00000000e0000000)
  object space 175104K, 0% used [0x00000000a0000000,0x00000000a0004000,0x00000000aab00000)
 Metaspace       used 6950K, capacity 7208K, committed 7424K, reserved 1056768K
  class space    used 853K, capacity 916K, committed 1024K, reserved 1048576K
}
Event: 3.590 GC heap before
{Heap before GC invocations=2 (full 0):
 PSYoungGen      total 76288K, used 71167K [0x00000000e0000000, 0x00000000e5500000, 0x0000000100000000)
  eden space 65536K, 100% used [0x00000000e0000000,0x00000000e4000000,0x00000000e4000000)
  from space 10752K, 52% used [0x00000000e4000000,0x00000000e457fdf8,0x00000000e4a80000)
  to   space 10752K, 0% used [0x00000000e4a80000,0x00000000e4a80000,0x00000000e5500000)
 ParOldGen       total 175104K, used 16K [0x00000000a0000000, 0x00000000aab00000, 0x00000000e0000000)
  object space 175104K, 0% used [0x00000000a0000000,0x00000000a0004000,0x00000000aab00000)
 Metaspace       used 14436K, capacity 14818K, committed 14976K, reserved 1062912K
  class space    used 2007K, capacity 2127K, committed 2176K, reserved 1048576K
Event: 3.599 GC heap after
Heap after GC invocations=2 (full 0):
 PSYoungGen      total 76288K, used 9566K [0x00000000e0000000, 0x00000000e5500000, 0x0000000100000000)
  eden space 65536K, 0% used [0x00000000e0000000,0x00000000e0000000,0x00000000e4000000)
  from space 10752K, 88% used [0x00000000e4a80000,0x00000000e53d7a68,0x00000000e5500000)
  to   space 10752K, 0% used [0x00000000e4000000,0x00000000e4000000,0x00000000e4a80000)
 ParOldGen       total 175104K, used 24K [0x00000000a0000000, 0x00000000aab00000, 0x00000000e0000000)
  object space 175104K, 0% used [0x00000000a0000000,0x00000000a0006000,0x00000000aab00000)
 Metaspace       used 14436K, capacity 14818K, committed 14976K, reserved 1062912K
  class space    used 2007K, capacity 2127K, committed 2176K, reserved 1048576K
}

Deoptimization events (10 events):
Event: 2.298 Thread 0x00000000016de000 Uncommon trap: reason=unstable_if action=reinterpret pc=0x00000000032adde0 method=java.io.WinNTFileSystem.normalize(Ljava/lang/String;)Ljava/lang/String; @ 128
Event: 3.011 Thread 0x000000001b6f3800 Uncommon trap: reason=unstable_if action=reinterpret pc=0x000000000337f1b0 method=java.util.concurrent.ConcurrentHashMap.putVal(Ljava/lang/Object;Ljava/lang/Object;Z)Ljava/lang/Object; @ 206
Event: 3.076 Thread 0x000000001b7b4000 Uncommon trap: reason=bimorphic action=maybe_recompile pc=0x000000000320ba88 method=java.util.HashMap.putVal(ILjava/lang/Object;Ljava/lang/Object;ZZ)Ljava/lang/Object; @ 253
Event: 3.076 Thread 0x000000001b7b4000 Uncommon trap: reason=bimorphic action=maybe_recompile pc=0x000000000320ba88 method=java.util.HashMap.putVal(ILjava/lang/Object;Ljava/lang/Object;ZZ)Ljava/lang/Object; @ 253
Event: 3.076 Thread 0x000000001b7b4000 Uncommon trap: reason=bimorphic action=maybe_recompile pc=0x000000000320ba88 method=java.util.HashMap.putVal(ILjava/lang/Object;Ljava/lang/Object;ZZ)Ljava/lang/Object; @ 253
Event: 3.076 Thread 0x000000001b7b4000 Uncommon trap: reason=bimorphic action=maybe_recompile pc=0x000000000320544c method=java.util.HashMap.putVal(ILjava/lang/Object;Ljava/lang/Object;ZZ)Ljava/lang/Object; @ 253
Event: 3.445 Thread 0x000000001b7b4000 Uncommon trap: reason=class_check action=maybe_recompile pc=0x0000000003260598 method=java.util.regex.Matcher.match(II)Z @ 86
Event: 3.459 Thread 0x000000001b7b4000 Uncommon trap: reason=class_check action=maybe_recompile pc=0x0000000003260598 method=java.util.regex.Matcher.match(II)Z @ 86
Event: 3.460 Thread 0x000000001b7b4000 Uncommon trap: reason=class_check action=maybe_recompile pc=0x0000000003260598 method=java.util.regex.Matcher.match(II)Z @ 86
Event: 3.460 Thread 0x000000001b7b4000 Uncommon trap: reason=class_check action=maybe_recompile pc=0x0000000003120ba0 method=java.util.regex.Matcher.match(II)Z @ 86

Classes redefined (0 events):
No events

Internal exceptions (10 events):
Event: 3.016 Thread 0x000000001b6f3800 Exception <a 'java/lang/NoSuchMethodError': <clinit>> (0x00000000e1bf09a0) thrown at [D:\src\AOSP-openjdk-cygwin\jdk8u\hotspot\src\share\vm\prims\jni.cpp, line 1614]
Event: 3.019 Thread 0x000000001b6f3800 Exception <a 'java/lang/NoSuchMethodError': <clinit>> (0x00000000e1c03ad8) thrown at [D:\src\AOSP-openjdk-cygwin\jdk8u\hotspot\src\share\vm\prims\jni.cpp, line 1614]
Event: 3.023 Thread 0x000000001b6f3800 Exception <a 'java/lang/NoSuchMethodError': <clinit>> (0x00000000e1c2af28) thrown at [D:\src\AOSP-openjdk-cygwin\jdk8u\hotspot\src\share\vm\prims\jni.cpp, line 1614]
Event: 3.025 Thread 0x000000001b6f3800 Exception <a 'java/lang/NoSuchMethodError': <clinit>> (0x00000000e1c42ef8) thrown at [D:\src\AOSP-openjdk-cygwin\jdk8u\hotspot\src\share\vm\prims\jni.cpp, line 1614]
Event: 3.025 Thread 0x000000001b6f3800 Exception <a 'java/lang/NoSuchMethodError': <clinit>> (0x00000000e1c4bb88) thrown at [D:\src\AOSP-openjdk-cygwin\jdk8u\hotspot\src\share\vm\prims\jni.cpp, line 1614]
Event: 3.027 Thread 0x000000001b6f3800 Exception <a 'java/lang/NoSuchMethodError': <clinit>> (0x00000000e1c62188) thrown at [D:\src\AOSP-openjdk-cygwin\jdk8u\hotspot\src\share\vm\prims\jni.cpp, line 1614]
Event: 3.044 Thread 0x000000001b6f3800 Exception <a 'java/lang/NoSuchMethodError': <clinit>> (0x00000000e1cc0220) thrown at [D:\src\AOSP-openjdk-cygwin\jdk8u\hotspot\src\share\vm\prims\jni.cpp, line 1614]
Event: 3.049 Thread 0x000000001b6f3800 Exception <a 'java/lang/NoSuchMethodError': <clinit>> (0x00000000e1cecf50) thrown at [D:\src\AOSP-openjdk-cygwin\jdk8u\hotspot\src\share\vm\prims\jni.cpp, line 1614]
Event: 3.054 Thread 0x000000001b6f3800 Exception <a 'java/lang/NoSuchMethodError': <clinit>> (0x00000000e1d1b220) thrown at [D:\src\AOSP-openjdk-cygwin\jdk8u\hotspot\src\share\vm\prims\jni.cpp, line 1614]
Event: 3.055 Thread 0x000000001b6f3800 Exception <a 'java/lang/NoSuchMethodError': <clinit>> (0x00000000e1d26628) thrown at [D:\src\AOSP-openjdk-cygwin\jdk8u\hotspot\src\share\vm\prims\jni.cpp, line 1614]

Events (10 events):
Event: 3.622 loading class org/gradle/api/internal/component/ArtifactType
Event: 3.622 loading class org/gradle/api/internal/component/ArtifactType done
Event: 3.623 loading class org/gradle/api/publish/maven/internal/MavenPublishServices$ComponentRegistrationAction
Event: 3.623 loading class org/gradle/api/publish/maven/internal/MavenPublishServices$ComponentRegistrationAction done
Event: 3.623 loading class org/gradle/api/publication/maven/internal/VersionRangeMapper
Event: 3.623 loading class org/gradle/api/publication/maven/internal/VersionRangeMapper done
Event: 3.623 loading class org/gradle/api/publication/maven/internal/MavenFactory
Event: 3.623 loading class org/gradle/api/publication/maven/internal/MavenFactory done
Event: 3.624 loading class org/gradle/api/publish/maven/internal/publisher/MavenPublishers
Event: 3.624 loading class org/gradle/api/publish/maven/internal/publisher/MavenPublishers done


Dynamic libraries:
0x00007ff72f240000 - 0x00007ff72f271000 	C:\Program Files\Android\Android Studio\jre\bin\java.exe
0x00007ff89d0a0000 - 0x00007ff89d290000 	C:\WINDOWS\SYSTEM32\ntdll.dll
0x00007ff89cbc0000 - 0x00007ff89cc72000 	C:\WINDOWS\System32\KERNEL32.DLL
0x00007ff89a030000 - 0x00007ff89a2d3000 	C:\WINDOWS\System32\KERNELBASE.dll
0x00007ff89c6d0000 - 0x00007ff89c773000 	C:\WINDOWS\System32\ADVAPI32.dll
0x00007ff89c140000 - 0x00007ff89c1de000 	C:\WINDOWS\System32\msvcrt.dll
0x00007ff89b380000 - 0x00007ff89b417000 	C:\WINDOWS\System32\sechost.dll
0x00007ff89cc80000 - 0x00007ff89cda0000 	C:\WINDOWS\System32\RPCRT4.dll
0x00007ff89bd50000 - 0x00007ff89bee4000 	C:\WINDOWS\System32\USER32.dll
0x00007ff89ace0000 - 0x00007ff89ad01000 	C:\WINDOWS\System32\win32u.dll
0x00007ff89c110000 - 0x00007ff89c136000 	C:\WINDOWS\System32\GDI32.dll
0x00007ff89afb0000 - 0x00007ff89b144000 	C:\WINDOWS\System32\gdi32full.dll
0x00007ff89ad70000 - 0x00007ff89ae0e000 	C:\WINDOWS\System32\msvcp_win.dll
0x00007ff89abe0000 - 0x00007ff89acda000 	C:\WINDOWS\System32\ucrtbase.dll
0x00007ff889640000 - 0x00007ff8898c5000 	C:\WINDOWS\WinSxS\amd64_microsoft.windows.common-controls_6595b64144ccf1df_6.0.18362.778_none_e6c6b761130d4fb8\COMCTL32.dll
0x00007ff89c780000 - 0x00007ff89cab6000 	C:\WINDOWS\System32\combase.dll
0x00007ff89a390000 - 0x00007ff89a410000 	C:\WINDOWS\System32\bcryptPrimitives.dll
0x00007ff89cac0000 - 0x00007ff89caee000 	C:\WINDOWS\System32\IMM32.DLL
0x000000005af10000 - 0x000000005afe2000 	C:\Program Files\Android\Android Studio\jre\jre\bin\msvcr100.dll
0x0000000058790000 - 0x0000000058fd6000 	C:\Program Files\Android\Android Studio\jre\jre\bin\server\jvm.dll
0x00007ff89b370000 - 0x00007ff89b378000 	C:\WINDOWS\System32\PSAPI.DLL
0x00007ff882bb0000 - 0x00007ff882bb9000 	C:\WINDOWS\SYSTEM32\WSOCK32.dll
0x00007ff89cf90000 - 0x00007ff89cfff000 	C:\WINDOWS\System32\WS2_32.dll
0x00007ff897ae0000 - 0x00007ff897b04000 	C:\WINDOWS\SYSTEM32\WINMM.dll
0x00007ff8947d0000 - 0x00007ff8947da000 	C:\WINDOWS\SYSTEM32\VERSION.dll
0x00007ff897ab0000 - 0x00007ff897add000 	C:\WINDOWS\SYSTEM32\WINMMBASE.dll
0x00007ff89ae10000 - 0x00007ff89ae5a000 	C:\WINDOWS\System32\cfgmgr32.dll
0x00007ff8958a0000 - 0x00007ff8958af000 	C:\Program Files\Android\Android Studio\jre\jre\bin\verify.dll
0x00007ff8752c0000 - 0x00007ff8752e9000 	C:\Program Files\Android\Android Studio\jre\jre\bin\java.dll
0x00007ff88f970000 - 0x00007ff88f986000 	C:\Program Files\Android\Android Studio\jre\jre\bin\zip.dll
0x00007ff89b450000 - 0x00007ff89bb35000 	C:\WINDOWS\System32\SHELL32.dll
0x00007ff89cee0000 - 0x00007ff89cf89000 	C:\WINDOWS\System32\shcore.dll
0x00007ff89a460000 - 0x00007ff89abe0000 	C:\WINDOWS\System32\windows.storage.dll
0x00007ff89a000000 - 0x00007ff89a023000 	C:\WINDOWS\System32\profapi.dll
0x00007ff899f70000 - 0x00007ff899fba000 	C:\WINDOWS\System32\powrprof.dll
0x00007ff899f60000 - 0x00007ff899f70000 	C:\WINDOWS\System32\UMPDC.dll
0x00007ff89bef0000 - 0x00007ff89bf42000 	C:\WINDOWS\System32\shlwapi.dll
0x00007ff899fc0000 - 0x00007ff899fd1000 	C:\WINDOWS\System32\kernel.appcore.dll
0x00007ff89a410000 - 0x00007ff89a427000 	C:\WINDOWS\System32\cryptsp.dll
0x00007ff88e8a0000 - 0x00007ff88e8ba000 	C:\Program Files\Android\Android Studio\jre\jre\bin\net.dll
0x00007ff88b1d0000 - 0x00007ff88b3a5000 	C:\WINDOWS\SYSTEM32\urlmon.dll
0x00007ff88e5e0000 - 0x00007ff88e886000 	C:\WINDOWS\SYSTEM32\iertutil.dll
0x00007ff8999a0000 - 0x00007ff8999ac000 	C:\WINDOWS\SYSTEM32\CRYPTBASE.DLL
0x00007ff8997d0000 - 0x00007ff899837000 	C:\WINDOWS\system32\mswsock.dll
0x00007ff88f950000 - 0x00007ff88f963000 	C:\Program Files\Android\Android Studio\jre\jre\bin\nio.dll
0x00007ff868d70000 - 0x00007ff868d96000 	C:\Users\murar\.gradle\native\30\windows-amd64\native-platform.dll
0x00007ff895c90000 - 0x00007ff895c9d000 	C:\Program Files\Android\Android Studio\jre\jre\bin\management.dll
0x00007ff8992e0000 - 0x00007ff899313000 	C:\WINDOWS\system32\rsaenh.dll
0x00007ff89a430000 - 0x00007ff89a456000 	C:\WINDOWS\System32\bcrypt.dll
0x00007ff899e80000 - 0x00007ff899ea5000 	C:\WINDOWS\SYSTEM32\USERENV.dll
0x00007ff899480000 - 0x00007ff8994ba000 	C:\WINDOWS\SYSTEM32\IPHLPAPI.DLL
0x00007ff89b440000 - 0x00007ff89b448000 	C:\WINDOWS\System32\NSI.dll
0x00007ff892940000 - 0x00007ff892956000 	C:\WINDOWS\SYSTEM32\dhcpcsvc6.DLL
0x00007ff892ac0000 - 0x00007ff892adc000 	C:\WINDOWS\SYSTEM32\dhcpcsvc.DLL
0x00007ff8994c0000 - 0x00007ff89958a000 	C:\WINDOWS\SYSTEM32\DNSAPI.dll

VM Arguments:
jvm_args: -Xmx1536m -Dfile.encoding=windows-1252 -Duser.country=US -Duser.language=en -Duser.variant 
java_command: org.gradle.launcher.daemon.bootstrap.GradleDaemon 5.6.4
java_class_path (initial): C:\Users\murar\.gradle\wrapper\dists\gradle-5.6.4-all\ankdp27end7byghfw1q2sw75f\gradle-5.6.4\lib\gradle-launcher-5.6.4.jar
Launcher Type: SUN_STANDARD

Environment Variables:
PATH=c:\program files (x86)\razer\chromabroadcast\bin;c:\program files\razer\chromabroadcast\bin;c:\programdata\anaconda3;c:\programdata\anaconda3\library\mingw-w64\bin;c:\programdata\anaconda3\library\usr\bin;c:\programdata\anaconda3\library\bin;c:\programdata\anaconda3\scripts;c:\program files (x86)\common files\oracle\java\javapath;c:\program files (x86)\intel\icls client\;c:\program files\intel\icls client\;c:\windows\system32;c:\windows;c:\windows\system32\wbem;c:\windows\system32\windowspowershell\v1.0\;c:\windows\system32\openssh\;c:\program files\nvidia corporation\nvidia nvdlisr;c:\program files (x86)\intel\intel(r) management engine components\dal;c:\program files\intel\intel(r) management engine components\dal;c:\program files (x86)\intel\intel(r) management engine components\ipt;c:\program files\intel\intel(r) management engine components\ipt;c:\windows\system32;c:\windows;c:\windows\system32\wbem;c:\windows\system32\windowspowershell\v1.0\;c:\windows\system32\openssh\;c:\windows\system32\config\systemprofile\appdata\local\microsoft\windowsapps;c:\program files\nodejs\;c:\program files\git\cmd;C:\Program Files (x86)\NVIDIA Corporation\PhysX\Common;C:\Users\murar\AppData\Local\Programs\Python\Python37-32\Scripts\;C:\Users\murar\AppData\Local\Programs\Python\Python37-32\;C:\Users\murar\AppData\Local\Microsoft\WindowsApps;C:\Users\murar\AppData\Local\GitHubDesktop\bin;C:\Program Files\JetBrains\JetBrains Rider 2019.1.1\bin;C:\Program Files\JetBrains\WebStorm 2019.1.2\bin;C:\Users\murar\AppData\Local\Microsoft\WindowsApps;C:\Users\murar\AppData\Roaming\npm;C:\Program Files\heroku\bin
USERNAME=murar
OS=Windows_NT
PROCESSOR_IDENTIFIER=Intel64 Family 6 Model 158 Stepping 9, GenuineIntel



---------------  S Y S T E M  ---------------

OS: Windows 10.0 , 64 bit Build 18362 (10.0.18362.778)

CPU:total 8 (initial active 8) (4 cores per cpu, 2 threads per core) family 6 model 158 stepping 9, cmov, cx8, fxsr, mmx, sse, sse2, sse3, ssse3, sse4.1, sse4.2, popcnt, avx, avx2, aes, clmul, erms, 3dnowpref, lzcnt, ht, tsc, tscinvbit, bmi1, bmi2, adx

Memory: 4k page, physical 16732896k(8337404k free), swap 32212188k(3212k free)

vm_info: OpenJDK 64-Bit Server VM (25.212-b04) for windows-amd64 JRE (1.8.0_212-release-1586-b04), built by "builder" with MS VC++ 10.0 (VS2010)

time: Tue Apr 28 21:58:11 2020
timezone: AUS Eastern Standard Time
elapsed time: 3 seconds (0d 0h 0m 3s)

